This is pdfTeX, Version 3.14159265-2.6-1.40.21 (TeX Live 2020/Debian) (preloaded format=pdflatex 2021.8.4)  13 AUG 2021 04:15
entering extended mode
 restricted \write18 enabled.
 %&-line parsing enabled.
**lineardynamicalsystems.tex
(./lineardynamicalsystems.tex
LaTeX2e <2020-10-01> patch level 4
L3 programming layer <2021-01-09> xparse <2020-03-03> (./sphinxmanual.cls
Document Class: sphinxmanual 2019/12/01 v2.3.0 Document class (Sphinx manual)
(/usr/share/texlive/texmf-dist/tex/latex/base/report.cls
Document Class: report 2020/04/10 v1.4m Standard LaTeX document class
(/usr/share/texlive/texmf-dist/tex/latex/base/size10.clo
File: size10.clo 2020/04/10 v1.4m Standard LaTeX file (size option)
)
\c@part=\count177
\c@chapter=\count178
\c@section=\count179
\c@subsection=\count180
\c@subsubsection=\count181
\c@paragraph=\count182
\c@subparagraph=\count183
\c@figure=\count184
\c@table=\count185
\abovecaptionskip=\skip47
\belowcaptionskip=\skip48
\bibindent=\dimen138
)
LaTeX Info: Redefining \and on input line 35.
)
(/usr/share/texlive/texmf-dist/tex/latex/base/inputenc.sty
Package: inputenc 2020/08/01 v1.3d Input encoding file
\inpenc@prehook=\toks15
\inpenc@posthook=\toks16
)
   defining Unicode char U+00A0 (decimal 160)
   defining Unicode char U+2500 (decimal 9472)
   defining Unicode char U+2502 (decimal 9474)
   defining Unicode char U+2514 (decimal 9492)
   defining Unicode char U+251C (decimal 9500)
   defining Unicode char U+2572 (decimal 9586)

(/usr/share/texlive/texmf-dist/tex/latex/cmap/cmap.sty
Package: cmap 2021/02/04 v1.0j CMap support: searchable PDF
)
(/usr/share/texlive/texmf-dist/tex/latex/base/fontenc.sty
Package: fontenc 2020/08/10 v2.0s Standard LaTeX package
<<t1.cmap>>)
(/usr/share/texlive/texmf-dist/tex/latex/amsmath/amsmath.sty
Package: amsmath 2020/09/23 v2.17i AMS math features
\@mathmargin=\skip49

For additional information on amsmath, use the `?' option.
(/usr/share/texlive/texmf-dist/tex/latex/amsmath/amstext.sty
Package: amstext 2000/06/29 v2.01 AMS text

(/usr/share/texlive/texmf-dist/tex/latex/amsmath/amsgen.sty
File: amsgen.sty 1999/11/30 v2.0 generic functions
\@emptytoks=\toks17
\ex@=\dimen139
))
(/usr/share/texlive/texmf-dist/tex/latex/amsmath/amsbsy.sty
Package: amsbsy 1999/11/29 v1.2d Bold Symbols
\pmbraise@=\dimen140
)
(/usr/share/texlive/texmf-dist/tex/latex/amsmath/amsopn.sty
Package: amsopn 2016/03/08 v2.02 operator names
)
\inf@bad=\count186
LaTeX Info: Redefining \frac on input line 234.
\uproot@=\count187
\leftroot@=\count188
LaTeX Info: Redefining \overline on input line 399.
\classnum@=\count189
\DOTSCASE@=\count190
LaTeX Info: Redefining \ldots on input line 496.
LaTeX Info: Redefining \dots on input line 499.
LaTeX Info: Redefining \cdots on input line 620.
\Mathstrutbox@=\box47
\strutbox@=\box48
\big@size=\dimen141
LaTeX Font Info:    Redeclaring font encoding OML on input line 743.
LaTeX Font Info:    Redeclaring font encoding OMS on input line 744.
\macc@depth=\count191
\c@MaxMatrixCols=\count192
\dotsspace@=\muskip16
\c@parentequation=\count193
\dspbrk@lvl=\count194
\tag@help=\toks18
\row@=\count195
\column@=\count196
\maxfields@=\count197
\andhelp@=\toks19
\eqnshift@=\dimen142
\alignsep@=\dimen143
\tagshift@=\dimen144
\tagwidth@=\dimen145
\totwidth@=\dimen146
\lineht@=\dimen147
\@envbody=\toks20
\multlinegap=\skip50
\multlinetaggap=\skip51
\mathdisplay@stack=\toks21
LaTeX Info: Redefining \[ on input line 2923.
LaTeX Info: Redefining \] on input line 2924.
)
(/usr/share/texlive/texmf-dist/tex/latex/amsfonts/amssymb.sty
Package: amssymb 2013/01/14 v3.01 AMS font symbols

(/usr/share/texlive/texmf-dist/tex/latex/amsfonts/amsfonts.sty
Package: amsfonts 2013/01/14 v3.01 Basic AMSFonts support
\symAMSa=\mathgroup4
\symAMSb=\mathgroup5
LaTeX Font Info:    Redeclaring math symbol \hbar on input line 98.
LaTeX Font Info:    Overwriting math alphabet `\mathfrak' in version `bold'
(Font)                  U/euf/m/n --> U/euf/b/n on input line 106.
))
(/usr/share/texlive/texmf-dist/tex/generic/babel/babel.sty
Package: babel 2021/01/26 3.53 The Babel package

(/usr/share/texlive/texmf-dist/tex/generic/babel/babel.def
File: babel.def 2021/01/26 3.53 Babel common definitions
\babel@savecnt=\count198
\U@D=\dimen148
\l@babelnohyphens=\language86

(/usr/share/texlive/texmf-dist/tex/generic/babel/txtbabel.def)
\bbl@readstream=\read2
)
\bbl@dirlevel=\count199

(/usr/share/texlive/texmf-dist/tex/generic/babel-english/english.ldf
Language: english 2017/06/06 v3.3r English support from the babel system
Package babel Info: \l@canadian = using hyphenrules for english
(babel)             (\language0) on input line 102.
Package babel Info: \l@australian = using hyphenrules for ukenglish
(babel)             (\language77) on input line 105.
Package babel Info: \l@newzealand = using hyphenrules for ukenglish
(babel)             (\language77) on input line 108.
))
(/usr/share/texlive/texmf-dist/tex/latex/psnfss/times.sty
Package: times 2020/03/25 PSNFSS-v9.3 (SPQR) 
)
(/usr/share/texlive/texmf-dist/tex/latex/fncychap/fncychap.sty
Package: fncychap 2007/07/30 v1.34 LaTeX package (Revised chapters)
\RW=\skip52
\mylen=\skip53
\myhi=\skip54
\px=\skip55
\py=\skip56
\pyy=\skip57
\pxx=\skip58
\c@AlphaCnt=\count266
\c@AlphaDecCnt=\count267
) (./sphinx.sty
Package: sphinx 2021/01/23 v3.5.0 LaTeX package (Sphinx markup)

(/usr/share/texlive/texmf-dist/tex/generic/ltxcmds/ltxcmds.sty
Package: ltxcmds 2020-05-10 v1.25 LaTeX kernel commands for general use (HO)
)
(/usr/share/texlive/texmf-dist/tex/latex/graphics/graphicx.sty
Package: graphicx 2020/09/09 v1.2b Enhanced LaTeX Graphics (DPC,SPQR)

(/usr/share/texlive/texmf-dist/tex/latex/graphics/keyval.sty
Package: keyval 2014/10/28 v1.15 key=value parser (DPC)
\KV@toks@=\toks22
)
(/usr/share/texlive/texmf-dist/tex/latex/graphics/graphics.sty
Package: graphics 2020/08/30 v1.4c Standard LaTeX Graphics (DPC,SPQR)

(/usr/share/texlive/texmf-dist/tex/latex/graphics/trig.sty
Package: trig 2016/01/03 v1.10 sin cos tan (DPC)
)
(/usr/share/texlive/texmf-dist/tex/latex/graphics-cfg/graphics.cfg
File: graphics.cfg 2016/06/04 v1.11 sample graphics configuration
)
Package graphics Info: Driver file: pdftex.def on input line 105.

(/usr/share/texlive/texmf-dist/tex/latex/graphics-def/pdftex.def
File: pdftex.def 2020/10/05 v1.2a Graphics/color driver for pdftex
))
\Gin@req@height=\dimen149
\Gin@req@width=\dimen150
)
(/usr/share/texlive/texmf-dist/tex/latex/fancyhdr/fancyhdr.sty
Package: fancyhdr 2021/01/04 v4.0 Extensive control of page headers and footers

\f@nch@headwidth=\skip59
\f@nch@O@elh=\skip60
\f@nch@O@erh=\skip61
\f@nch@O@olh=\skip62
\f@nch@O@orh=\skip63
\f@nch@O@elf=\skip64
\f@nch@O@erf=\skip65
\f@nch@O@olf=\skip66
\f@nch@O@orf=\skip67
)
(/usr/share/texlive/texmf-dist/tex/latex/base/textcomp.sty
Package: textcomp 2020/02/02 v2.0n Standard LaTeX package
)
(/usr/share/texlive/texmf-dist/tex/latex/titlesec/titlesec.sty
Package: titlesec 2019/10/16 v2.13 Sectioning titles
\ttl@box=\box49
\beforetitleunit=\skip68
\aftertitleunit=\skip69
\ttl@plus=\dimen151
\ttl@minus=\dimen152
\ttl@toksa=\toks23
\titlewidth=\dimen153
\titlewidthlast=\dimen154
\titlewidthfirst=\dimen155
)
(/usr/share/texlive/texmf-dist/tex/latex/tabulary/tabulary.sty
Package: tabulary 2014/06/11 v0.10 tabulary package (DPC)

(/usr/share/texlive/texmf-dist/tex/latex/tools/array.sty
Package: array 2020/10/01 v2.5c Tabular extension package (FMi)
\col@sep=\dimen156
\ar@mcellbox=\box50
\extrarowheight=\dimen157
\NC@list=\toks24
\extratabsurround=\skip70
\backup@length=\skip71
\ar@cellbox=\box51
)
\TY@count=\count268
\TY@linewidth=\dimen158
\tymin=\dimen159
\tymax=\dimen160
\TY@tablewidth=\dimen161
)
(/usr/share/texlive/texmf-dist/tex/latex/tools/longtable.sty
Package: longtable 2020/01/07 v4.13 Multi-page Table package (DPC)
\LTleft=\skip72
\LTright=\skip73
\LTpre=\skip74
\LTpost=\skip75
\LTchunksize=\count269
\LTcapwidth=\dimen162
\LT@head=\box52
\LT@firsthead=\box53
\LT@foot=\box54
\LT@lastfoot=\box55
\LT@cols=\count270
\LT@rows=\count271
\c@LT@tables=\count272
\c@LT@chunks=\count273
\LT@p@ftn=\toks25
)
(/usr/share/texlive/texmf-dist/tex/latex/varwidth/varwidth.sty
Package: varwidth 2009/03/30 ver 0.92;  Variable-width minipages
\@vwid@box=\box56
\sift@deathcycles=\count274
\@vwid@loff=\dimen163
\@vwid@roff=\dimen164
)
(./sphinxmulticell.sty
Package: sphinxmulticell 2017/02/23 v1.6 better span rows and columns of a tabl
e (Sphinx team)
\sphinx@TY@tablewidth=\dimen165
)
(/usr/share/texlive/texmf-dist/tex/latex/base/makeidx.sty
Package: makeidx 2014/09/29 v1.0m Standard LaTeX package
)
(/usr/share/texlive/texmf-dist/tex/latex/framed/framed.sty
Package: framed 2011/10/22 v 0.96: framed or shaded text with page breaks
\OuterFrameSep=\skip76
\fb@frw=\dimen166
\fb@frh=\dimen167
\FrameRule=\dimen168
\FrameSep=\dimen169
)
(/usr/share/texlive/texmf-dist/tex/latex/xcolor/xcolor.sty
Package: xcolor 2016/05/11 v2.12 LaTeX color extensions (UK)

(/usr/share/texlive/texmf-dist/tex/latex/graphics-cfg/color.cfg
File: color.cfg 2016/01/02 v1.6 sample color configuration
)
Package xcolor Info: Driver file: pdftex.def on input line 225.
Package xcolor Info: Model `cmy' substituted by `cmy0' on input line 1348.
Package xcolor Info: Model `hsb' substituted by `rgb' on input line 1352.
Package xcolor Info: Model `RGB' extended on input line 1364.
Package xcolor Info: Model `HTML' substituted by `rgb' on input line 1366.
Package xcolor Info: Model `Hsb' substituted by `hsb' on input line 1367.
Package xcolor Info: Model `tHsb' substituted by `hsb' on input line 1368.
Package xcolor Info: Model `HSB' substituted by `hsb' on input line 1369.
Package xcolor Info: Model `Gray' substituted by `gray' on input line 1370.
Package xcolor Info: Model `wave' substituted by `hsb' on input line 1371.
)
(/usr/share/texlive/texmf-dist/tex/latex/fancyvrb/fancyvrb.sty
Package: fancyvrb 2021/01/20 v3.7 verbatim text (tvz,hv)
\FV@CodeLineNo=\count275
\FV@InFile=\read3
\FV@TabBox=\box57
\c@FancyVerbLine=\count276
\FV@StepNumber=\count277
\FV@OutFile=\write3
)
(./footnotehyper-sphinx.sty
Package: footnotehyper-sphinx 2021/02/04 v1.1d hyperref aware footnote.sty for 
sphinx (JFB)
\FNH@notes=\box58
\FNH@toks=\toks26
\FNH@width=\dimen170
)
(/usr/share/texlive/texmf-dist/tex/latex/float/float.sty
Package: float 2001/11/08 v1.3d Float enhancements (AL)
\c@float@type=\count278
\float@exts=\toks27
\float@box=\box59
\@float@everytoks=\toks28
\@floatcapt=\box60
)
(/usr/share/texlive/texmf-dist/tex/latex/wrapfig/wrapfig.sty
\wrapoverhang=\dimen171
\WF@size=\dimen172
\c@WF@wrappedlines=\count279
\WF@box=\box61
\WF@everypar=\toks29
Package: wrapfig 2003/01/31  v 3.6
)
(/usr/share/texlive/texmf-dist/tex/latex/parskip/parskip.sty
Rollback for package 'parskip' requested -> version 'v1'.
         This corresponds to the release introduced on 2001-04-09.

(/usr/share/texlive/texmf-dist/tex/latex/parskip/parskip-2001-04-09.sty
Package: parskip 2001/04/09 non-zero parskip adjustments
))
(/usr/share/texlive/texmf-dist/tex/latex/base/alltt.sty
Package: alltt 1997/06/16 v2.0g defines alltt environment
)
(/usr/share/texlive/texmf-dist/tex/latex/upquote/upquote.sty
Package: upquote 2012/04/19 v1.3 upright-quote and grave-accent glyphs in verba
tim
)
(/usr/share/texlive/texmf-dist/tex/latex/capt-of/capt-of.sty
Package: capt-of 2009/12/29 v0.2 standard captions outside of floats
)
(/usr/share/texlive/texmf-dist/tex/latex/needspace/needspace.sty
Package: needspace 2010/09/12 v1.3d reserve vertical space
)
(/usr/share/texlive/texmf-dist/tex/latex/tools/multicol.sty
Package: multicol 2019/12/09 v1.8y multicolumn formatting (FMi)
\c@tracingmulticols=\count280
\mult@box=\box62
\multicol@leftmargin=\dimen173
\c@unbalance=\count281
\c@collectmore=\count282
\doublecol@number=\count283
\multicoltolerance=\count284
\multicolpretolerance=\count285
\full@width=\dimen174
\page@free=\dimen175
\premulticols=\dimen176
\postmulticols=\dimen177
\multicolsep=\skip77
\multicolbaselineskip=\skip78
\partial@page=\box63
\last@line=\box64
\maxbalancingoverflow=\dimen178
\mult@rightbox=\box65
\mult@grightbox=\box66
\mult@gfirstbox=\box67
\mult@firstbox=\box68
\@tempa=\box69
\@tempa=\box70
\@tempa=\box71
\@tempa=\box72
\@tempa=\box73
\@tempa=\box74
\@tempa=\box75
\@tempa=\box76
\@tempa=\box77
\@tempa=\box78
\@tempa=\box79
\@tempa=\box80
\@tempa=\box81
\@tempa=\box82
\@tempa=\box83
\@tempa=\box84
\@tempa=\box85
\@tempa=\box86
\@tempa=\box87
\@tempa=\box88
\@tempa=\box89
\@tempa=\box90
\@tempa=\box91
\@tempa=\box92
\@tempa=\box93
\@tempa=\box94
\@tempa=\box95
\@tempa=\box96
\@tempa=\box97
\@tempa=\box98
\@tempa=\box99
\@tempa=\box100
\@tempa=\box101
\@tempa=\box102
\@tempa=\box103
\@tempa=\box104
\@tempa=\box105
\c@minrows=\count286
\c@columnbadness=\count287
\c@finalcolumnbadness=\count288
\last@try=\dimen179
\multicolovershoot=\dimen180
\multicolundershoot=\dimen181
\mult@nat@firstbox=\box106
\colbreak@box=\box107
\mc@col@check@num=\count289
)
(./sphinxhighlight.sty
Package: sphinxhighlight 2016/05/29 stylesheet for highlighting with pygments
)
(/usr/share/texlive/texmf-dist/tex/latex/kvoptions/kvoptions.sty
Package: kvoptions 2020-10-07 v3.14 Key value format for package options (HO)

(/usr/share/texlive/texmf-dist/tex/generic/kvsetkeys/kvsetkeys.sty
Package: kvsetkeys 2019/12/15 v1.18 Key value parser (HO)
))
\sphinxverbatimsep=\dimen182
\sphinxverbatimborder=\dimen183
\sphinxshadowsep=\dimen184
\sphinxshadowsize=\dimen185
\sphinxshadowrule=\dimen186
\spx@notice@border=\dimen187
\spx@image@maxheight=\dimen188
\spx@image@box=\box108
\c@sphinxscope=\count290
\c@sphinxexplicit=\count291
\sphinxcontinuationbox=\box109
\sphinxvisiblespacebox=\box110
\sphinxVerbatim@TitleBox=\box111
\sphinxVerbatim@ContentsBox=\box112
\spx@scratchbox=\box113
\py@argswidth=\skip79
\lineblockindentation=\skip80
\DUlineblockindent=\skip81
)
(/usr/share/texlive/texmf-dist/tex/latex/geometry/geometry.sty
Package: geometry 2020/01/02 v5.9 Page Geometry

(/usr/share/texlive/texmf-dist/tex/generic/iftex/ifvtex.sty
Package: ifvtex 2019/10/25 v1.7 ifvtex legacy package. Use iftex instead.

(/usr/share/texlive/texmf-dist/tex/generic/iftex/iftex.sty
Package: iftex 2020/03/06 v1.0d TeX engine tests
))
\Gm@cnth=\count292
\Gm@cntv=\count293
\c@Gm@tempcnt=\count294
\Gm@bindingoffset=\dimen189
\Gm@wd@mp=\dimen190
\Gm@odd@mp=\dimen191
\Gm@even@mp=\dimen192
\Gm@layoutwidth=\dimen193
\Gm@layoutheight=\dimen194
\Gm@layouthoffset=\dimen195
\Gm@layoutvoffset=\dimen196
\Gm@dimlist=\toks30
)
(/usr/share/texlive/texmf-dist/tex/latex/hyperref/hyperref.sty
Package: hyperref 2020-05-15 v7.00e Hypertext links for LaTeX

(/usr/share/texlive/texmf-dist/tex/generic/pdftexcmds/pdftexcmds.sty
Package: pdftexcmds 2020-06-27 v0.33 Utility functions of pdfTeX for LuaTeX (HO
)

(/usr/share/texlive/texmf-dist/tex/generic/infwarerr/infwarerr.sty
Package: infwarerr 2019/12/03 v1.5 Providing info/warning/error messages (HO)
)
Package pdftexcmds Info: \pdf@primitive is available.
Package pdftexcmds Info: \pdf@ifprimitive is available.
Package pdftexcmds Info: \pdfdraftmode found.
)
(/usr/share/texlive/texmf-dist/tex/generic/kvdefinekeys/kvdefinekeys.sty
Package: kvdefinekeys 2019-12-19 v1.6 Define keys (HO)
)
(/usr/share/texlive/texmf-dist/tex/generic/pdfescape/pdfescape.sty
Package: pdfescape 2019/12/09 v1.15 Implements pdfTeX's escape features (HO)
)
(/usr/share/texlive/texmf-dist/tex/latex/hycolor/hycolor.sty
Package: hycolor 2020-01-27 v1.10 Color options for hyperref/bookmark (HO)
)
(/usr/share/texlive/texmf-dist/tex/latex/letltxmacro/letltxmacro.sty
Package: letltxmacro 2019/12/03 v1.6 Let assignment for LaTeX macros (HO)
)
(/usr/share/texlive/texmf-dist/tex/latex/auxhook/auxhook.sty
Package: auxhook 2019-12-17 v1.6 Hooks for auxiliary files (HO)
)
\@linkdim=\dimen197
\Hy@linkcounter=\count295
\Hy@pagecounter=\count296

(/usr/share/texlive/texmf-dist/tex/latex/hyperref/pd1enc.def
File: pd1enc.def 2020-05-15 v7.00e Hyperref: PDFDocEncoding definition (HO)
Now handling font encoding PD1 ...
... no UTF-8 mapping file for font encoding PD1
)
(/usr/share/texlive/texmf-dist/tex/generic/intcalc/intcalc.sty
Package: intcalc 2019/12/15 v1.3 Expandable calculations with integers (HO)
)
(/usr/share/texlive/texmf-dist/tex/generic/etexcmds/etexcmds.sty
Package: etexcmds 2019/12/15 v1.7 Avoid name clashes with e-TeX commands (HO)
)
\Hy@SavedSpaceFactor=\count297
Package hyperref Info: Option `unicode' set `true' on input line 4338.

(/usr/share/texlive/texmf-dist/tex/latex/hyperref/puenc.def
File: puenc.def 2020-05-15 v7.00e Hyperref: PDF Unicode definition (HO)
Now handling font encoding PU ...
... no UTF-8 mapping file for font encoding PU
)
Package hyperref Info: Option `colorlinks' set `true' on input line 4338.
Package hyperref Info: Option `breaklinks' set `true' on input line 4338.
Package hyperref Info: Hyper figures OFF on input line 4464.
Package hyperref Info: Link nesting OFF on input line 4469.
Package hyperref Info: Hyper index ON on input line 4472.
Package hyperref Info: Plain pages OFF on input line 4479.
Package hyperref Info: Backreferencing OFF on input line 4484.
Package hyperref Info: Implicit mode ON; LaTeX internals redefined.
Package hyperref Info: Bookmarks ON on input line 4717.
\c@Hy@tempcnt=\count298

(/usr/share/texlive/texmf-dist/tex/latex/url/url.sty
\Urlmuskip=\muskip17
Package: url 2013/09/16  ver 3.4  Verb mode for urls, etc.
)
LaTeX Info: Redefining \url on input line 5076.
\XeTeXLinkMargin=\dimen198

(/usr/share/texlive/texmf-dist/tex/generic/bitset/bitset.sty
Package: bitset 2019/12/09 v1.3 Handle bit-vector datatype (HO)

(/usr/share/texlive/texmf-dist/tex/generic/bigintcalc/bigintcalc.sty
Package: bigintcalc 2019/12/15 v1.5 Expandable calculations on big integers (HO
)
))
\Fld@menulength=\count299
\Field@Width=\dimen199
\Fld@charsize=\dimen256
Package hyperref Info: Hyper figures OFF on input line 6347.
Package hyperref Info: Link nesting OFF on input line 6352.
Package hyperref Info: Hyper index ON on input line 6355.
Package hyperref Info: backreferencing OFF on input line 6362.
Package hyperref Info: Link coloring ON on input line 6365.
Package hyperref Info: Link coloring with OCG OFF on input line 6372.
Package hyperref Info: PDF/A mode OFF on input line 6377.
LaTeX Info: Redefining \ref on input line 6417.
LaTeX Info: Redefining \pageref on input line 6421.

(/usr/share/texlive/texmf-dist/tex/latex/base/atbegshi-ltx.sty
Package: atbegshi-ltx 2020/08/17 v1.0a Emulation of the original atbegshi packa
ge
with kernel methods
)
\Hy@abspage=\count300
\c@Item=\count301
\c@Hfootnote=\count302
)
Package hyperref Info: Driver (autodetected): hpdftex.

(/usr/share/texlive/texmf-dist/tex/latex/hyperref/hpdftex.def
File: hpdftex.def 2020-05-15 v7.00e Hyperref driver for pdfTeX

(/usr/share/texlive/texmf-dist/tex/latex/base/atveryend-ltx.sty
Package: atveryend-ltx 2020/08/19 v1.0a Emulation of the original atvery packag
e
with kernel methods
)
\Fld@listcount=\count303
\c@bookmark@seq@number=\count304

(/usr/share/texlive/texmf-dist/tex/latex/rerunfilecheck/rerunfilecheck.sty
Package: rerunfilecheck 2019/12/05 v1.9 Rerun checks for auxiliary files (HO)

(/usr/share/texlive/texmf-dist/tex/generic/uniquecounter/uniquecounter.sty
Package: uniquecounter 2019/12/15 v1.4 Provide unlimited unique counter (HO)
)
Package uniquecounter Info: New unique counter `rerunfilecheck' on input line 2
86.
)
\Hy@SectionHShift=\skip82
)
(/usr/share/texlive/texmf-dist/tex/latex/oberdiek/hypcap.sty
Package: hypcap 2016/05/16 v1.12 Adjusting the anchors of captions (HO)
)
(./sphinxmessages.sty
Package: sphinxmessages 2019/01/04 v2.0 Localized LaTeX macros (Sphinx team)
)
\@indexfile=\write4
\openout4 = `lineardynamicalsystems.idx'.


Writing index file lineardynamicalsystems.idx
LaTeX Font Info:    Trying to load font information for T1+ptm on input line 83
.
(/usr/share/texlive/texmf-dist/tex/latex/psnfss/t1ptm.fd
File: t1ptm.fd 2001/06/04 font definitions for T1/ptm.
)
(/usr/share/texlive/texmf-dist/tex/latex/l3backend/l3backend-pdftex.def
File: l3backend-pdftex.def 2020-01-29 L3 backend support: PDF output (pdfTeX)
\l__color_backend_stack_int=\count305
\l__pdf_internal_box=\box114
)
(./lineardynamicalsystems.aux)
\openout1 = `lineardynamicalsystems.aux'.

LaTeX Font Info:    Checking defaults for OML/cmm/m/it on input line 83.
LaTeX Font Info:    ... okay on input line 83.
LaTeX Font Info:    Checking defaults for OMS/cmsy/m/n on input line 83.
LaTeX Font Info:    ... okay on input line 83.
LaTeX Font Info:    Checking defaults for OT1/cmr/m/n on input line 83.
LaTeX Font Info:    ... okay on input line 83.
LaTeX Font Info:    Checking defaults for T1/cmr/m/n on input line 83.
LaTeX Font Info:    ... okay on input line 83.
LaTeX Font Info:    Checking defaults for TS1/cmr/m/n on input line 83.
LaTeX Font Info:    ... okay on input line 83.
LaTeX Font Info:    Checking defaults for OMX/cmex/m/n on input line 83.
LaTeX Font Info:    ... okay on input line 83.
LaTeX Font Info:    Checking defaults for U/cmr/m/n on input line 83.
LaTeX Font Info:    ... okay on input line 83.
LaTeX Font Info:    Checking defaults for PD1/pdf/m/n on input line 83.
LaTeX Font Info:    ... okay on input line 83.
LaTeX Font Info:    Checking defaults for PU/pdf/m/n on input line 83.
LaTeX Font Info:    ... okay on input line 83.

(/usr/share/texlive/texmf-dist/tex/context/base/mkii/supp-pdf.mkii
[Loading MPS to PDF converter (version 2006.09.02).]
\scratchcounter=\count306
\scratchdimen=\dimen257
\scratchbox=\box115
\nofMPsegments=\count307
\nofMParguments=\count308
\everyMPshowfont=\toks31
\MPscratchCnt=\count309
\MPscratchDim=\dimen258
\MPnumerator=\count310
\makeMPintoPDFobject=\count311
\everyMPtoPDFconversion=\toks32
) (/usr/share/texlive/texmf-dist/tex/latex/epstopdf-pkg/epstopdf-base.sty
Package: epstopdf-base 2020-01-24 v2.11 Base part for package epstopdf
Package epstopdf-base Info: Redefining graphics rule for `.eps' on input line 4
85.

(/usr/share/texlive/texmf-dist/tex/latex/latexconfig/epstopdf-sys.cfg
File: epstopdf-sys.cfg 2010/07/13 v1.3 Configuration of (r)epstopdf for TeX Liv
e
))
\c@literalblock=\count312

*geometry* driver: auto-detecting
*geometry* detected driver: pdftex
*geometry* verbose mode - [ preamble ] result:
* driver: pdftex
* paper: letterpaper
* layout: <same size as paper>
* layoutoffset:(h,v)=(0.0pt,0.0pt)
* modes: twoside 
* h-part:(L,W,R)=(72.26999pt, 469.75502pt, 72.26999pt)
* v-part:(T,H,B)=(72.26999pt, 650.43001pt, 72.26999pt)
* \paperwidth=614.295pt
* \paperheight=794.96999pt
* \textwidth=469.75502pt
* \textheight=650.43001pt
* \oddsidemargin=0.0pt
* \evensidemargin=0.0pt
* \topmargin=-37.0pt
* \headheight=12.0pt
* \headsep=25.0pt
* \topskip=10.0pt
* \footskip=30.0pt
* \marginparwidth=36.135pt
* \marginparsep=11.0pt
* \columnsep=10.0pt
* \skip\footins=9.0pt plus 4.0pt minus 2.0pt
* \hoffset=0.0pt
* \voffset=0.0pt
* \mag=1000
* \@twocolumnfalse
* \@twosidetrue
* \@mparswitchtrue
* \@reversemarginfalse
* (1in=72.27pt=25.4mm, 1cm=28.453pt)

Package hyperref Info: Link coloring ON on input line 83.
(/usr/share/texlive/texmf-dist/tex/latex/hyperref/nameref.sty
Package: nameref 2019/09/16 v2.46 Cross-referencing by name of section

(/usr/share/texlive/texmf-dist/tex/latex/refcount/refcount.sty
Package: refcount 2019/12/15 v3.6 Data extraction from label references (HO)
)
(/usr/share/texlive/texmf-dist/tex/generic/gettitlestring/gettitlestring.sty
Package: gettitlestring 2019/12/15 v1.6 Cleanup title references (HO)
)
\c@section@level=\count313
)
LaTeX Info: Redefining \ref on input line 83.
LaTeX Info: Redefining \pageref on input line 83.
LaTeX Info: Redefining \nameref on input line 83.

(./lineardynamicalsystems.out) (./lineardynamicalsystems.out)
\@outlinefile=\write5
\openout5 = `lineardynamicalsystems.out'.

Package hyperref Info: Option `pageanchor' set `false' on input line 86.
LaTeX Font Info:    Trying to load font information for T1+phv on input line 86
.

(/usr/share/texlive/texmf-dist/tex/latex/psnfss/t1phv.fd
File: t1phv.fd 2020/03/25 scalable font definitions for T1/phv.
)
LaTeX Font Info:    Font shape `T1/phv/b/it' in size <10> not available
(Font)              Font shape `T1/phv/b/sl' tried instead on input line 86.
LaTeX Font Info:    Font shape `T1/phv/b/it' in size <17.28> not available
(Font)              Font shape `T1/phv/b/sl' tried instead on input line 86.
<<ot1.cmap>><<oml.cmap>><<oms.cmap>><<omx.cmap>>
LaTeX Font Info:    Trying to load font information for U+msa on input line 86.


(/usr/share/texlive/texmf-dist/tex/latex/amsfonts/umsa.fd
File: umsa.fd 2013/01/14 v3.01 AMS symbols A
)
LaTeX Font Info:    Trying to load font information for U+msb on input line 86.


(/usr/share/texlive/texmf-dist/tex/latex/amsfonts/umsb.fd
File: umsb.fd 2013/01/14 v3.01 AMS symbols B
) [1

{/var/lib/texmf/fonts/map/pdftex/updmap/pdftex.map}] [2


] (./lineardynamicalsystems.toc)
\tf@toc=\write6
\openout6 = `lineardynamicalsystems.toc'.

 [1

]
[2

]
Chapter 1.
LaTeX Font Info:    Trying to load font information for T1+pcr on input line 12
2.
(/usr/share/texlive/texmf-dist/tex/latex/psnfss/t1pcr.fd
File: t1pcr.fd 2001/06/04 font definitions for T1/pcr.
)
LaTeX Font Info:    Trying to load font information for TS1+ptm on input line 1
57.

(/usr/share/texlive/texmf-dist/tex/latex/psnfss/ts1ptm.fd
File: ts1ptm.fd 2001/06/04 font definitions for TS1/ptm.
) [1

]
LaTeX Font Info:    Font shape `T1/pcr/m/it' in size <10> not available
(Font)              Font shape `T1/pcr/m/sl' tried instead on input line 168.

Underfull \hbox (badness 10000) in paragraph at lines 167--169
[]\T1/pcr/b/n/10 noise. Shape nx1. Shape of covariance matrix nxn.%
 []


Underfull \hbox (badness 10000) in paragraph at lines 180--182
[]\T1/pcr/b/n/10 noise or observational error. Shape mx1. Shape of covariance
 []


Underfull \hbox (badness 10000) in paragraph at lines 218--220
[]\T1/pcr/b/n/10 Exits in case of having any matrix_b, but matrix_a is a
 []

LaTeX Font Info:    Trying to load font information for TS1+pcr on input line 1
.
(/usr/share/texlive/texmf-dist/tex/latex/psnfss/ts1pcr.fd
File: ts1pcr.fd 2001/06/04 font definitions for TS1/pcr.
)
Underfull \hbox (badness 10000) in paragraph at lines 234--236
[]\T1/pcr/b/n/10 Exits if matrix_b is a matrix, but matrix_d is not zero
 []


Underfull \hbox (badness 10000) in paragraph at lines 238--240
[]\T1/pcr/b/n/10 Exits if number of columns of matrix_d is not equal to
 []

[2]
Underfull \hbox (badness 10000) in paragraph at lines 317--319
[]\T1/pcr/b/n/10 Exits if matrix_a is a number, but h_zero can\TS1/pcr/b/n/10 '
\T1/pcr/b/n/10 t be
 []


Underfull \hbox (badness 10000) in paragraph at lines 321--323
[]\T1/pcr/b/n/10 Exits if length of h_zero isn\TS1/pcr/b/n/10 '\T1/pcr/b/n/10 t
 equal to d(if matrix_a is
 []


Underfull \hbox (badness 10000) in paragraph at lines 329--331
[]\T1/pcr/b/n/10 Exits if matrix_b is a matrix, but inputs don\TS1/pcr/b/n/10 '
\T1/pcr/b/n/10 t have n x
 []

<asciiart-0aa80faa7d7ebaca351fdd8bff7b40737ff7e143.png, id=76, 414.54875pt x 84
.315pt>
File: asciiart-0aa80faa7d7ebaca351fdd8bff7b40737ff7e143.png Graphic file (type 
png)
<use asciiart-0aa80faa7d7ebaca351fdd8bff7b40737ff7e143.png>
Package pdftex.def Info: asciiart-0aa80faa7d7ebaca351fdd8bff7b40737ff7e143.png 
 used on input line 369.
(pdftex.def)             Requested size: 414.54773pt x 84.31477pt.
[3 <./asciiart-0aa80faa7d7ebaca351fdd8bff7b40737ff7e143.png (PNG copy)>]
<asciiart-2b351840c3bc463ea62ff24bbf7ff04fb7d27ac3.png, id=88, 414.54875pt x 84
.315pt>
File: asciiart-2b351840c3bc463ea62ff24bbf7ff04fb7d27ac3.png Graphic file (type 
png)
<use asciiart-2b351840c3bc463ea62ff24bbf7ff04fb7d27ac3.png>
Package pdftex.def Info: asciiart-2b351840c3bc463ea62ff24bbf7ff04fb7d27ac3.png 
 used on input line 410.
(pdftex.def)             Requested size: 414.54773pt x 84.31477pt.

Overfull \hbox (2.40439pt too wide) in paragraph at lines 475--475
\T1/ptm/m/it/10 proc_noise_std\T1/ptm/m/n/10 ,
 []


Underfull \hbox (badness 10000) in paragraph at lines 475--475
\T1/ptm/m/it/10 obs_noise_std\T1/ptm/m/n/10 ,
 []

<asciiart-6b8b88f392d97e48f09e08958d1be81eaa622e44.png, id=92, 414.54875pt x 84
.315pt>
File: asciiart-6b8b88f392d97e48f09e08958d1be81eaa622e44.png Graphic file (type 
png)
<use asciiart-6b8b88f392d97e48f09e08958d1be81eaa622e44.png>
Package pdftex.def Info: asciiart-6b8b88f392d97e48f09e08958d1be81eaa622e44.png 
 used on input line 490.
(pdftex.def)             Requested size: 414.54773pt x 84.31477pt.
<Kalman.png, id=93, 418.56375pt x 314.3745pt>
File: Kalman.png Graphic file (type png)
<use Kalman.png>
Package pdftex.def Info: Kalman.png  used on input line 496.
(pdftex.def)             Requested size: 418.56271pt x 314.37372pt.
[4 <./asciiart-2b351840c3bc463ea62ff24bbf7ff04fb7d27ac3.png (PNG copy)>]
[5 <./asciiart-6b8b88f392d97e48f09e08958d1be81eaa622e44.png (PNG copy)> <./Kalm
an.png>] [6]
<asciiart-efc0743aaf27ac7bd5adf5e97451abdb799f0c96.png, id=121, 414.54875pt x 8
4.315pt>
File: asciiart-efc0743aaf27ac7bd5adf5e97451abdb799f0c96.png Graphic file (type 
png)
<use asciiart-efc0743aaf27ac7bd5adf5e97451abdb799f0c96.png>
Package pdftex.def Info: asciiart-efc0743aaf27ac7bd5adf5e97451abdb799f0c96.png 
 used on input line 718.
(pdftex.def)             Requested size: 414.54773pt x 84.31477pt.
<spectral.png, id=122, 449.57962pt x 329.43076pt>
File: spectral.png Graphic file (type png)
<use spectral.png>
Package pdftex.def Info: spectral.png  used on input line 724.
(pdftex.def)             Requested size: 449.5785pt x 329.42995pt.
 [7 <./asciiart-efc0743aaf27ac7bd5adf5e97451abdb799f0c96.png (PNG copy)> <./spe
ctral.png>]
File: asciiart-2b351840c3bc463ea62ff24bbf7ff04fb7d27ac3.png Graphic file (type 
png)
<use asciiart-2b351840c3bc463ea62ff24bbf7ff04fb7d27ac3.png>
Package pdftex.def Info: asciiart-2b351840c3bc463ea62ff24bbf7ff04fb7d27ac3.png 
 used on input line 826.
(pdftex.def)             Requested size: 414.54773pt x 84.31477pt.
 [8]
Underfull \hbox (badness 10000) in paragraph at lines 932--938
[]\T1/ptm/m/n/10 Im-ple-ments spec-tral fil-ter-ing class with follow-the-leade
r al-go-rithm. Orig-i-nates from func-tion
 []

File: asciiart-2b351840c3bc463ea62ff24bbf7ff04fb7d27ac3.png Graphic file (type 
png)
<use asciiart-2b351840c3bc463ea62ff24bbf7ff04fb7d27ac3.png>
Package pdftex.def Info: asciiart-2b351840c3bc463ea62ff24bbf7ff04fb7d27ac3.png 
 used on input line 950.
(pdftex.def)             Requested size: 414.54773pt x 84.31477pt.
[9]
Overfull \hbox (97.96474pt too wide) in paragraph at lines 1082--1082
[]\T1/ptm/m/it/10 sys\T1/ptm/m/n/10 ,
 []


Overfull \hbox (96.3048pt too wide) in paragraph at lines 1082--1082
\T1/ptm/m/it/10 t_t\T1/ptm/m/n/10 ,
 []


Overfull \hbox (93.85486pt too wide) in paragraph at lines 1082--1082
\T1/ptm/m/it/10 k\T1/pcr/m/n/10 ) 
 []

<asciiart-3af108a888e1d95cf9dbd3b73b3bbfc8d0307abf.png, id=150, 597.23125pt x 8
4.315pt>
File: asciiart-3af108a888e1d95cf9dbd3b73b3bbfc8d0307abf.png Graphic file (type 
png)
<use asciiart-3af108a888e1d95cf9dbd3b73b3bbfc8d0307abf.png>
Package pdftex.def Info: asciiart-3af108a888e1d95cf9dbd3b73b3bbfc8d0307abf.png 
 used on input line 1092.
(pdftex.def)             Requested size: 444.76012pt x 62.78964pt.
[10 <./asciiart-3af108a888e1d95cf9dbd3b73b3bbfc8d0307abf.png (PNG copy)>]
Overfull \hbox (55.96474pt too wide) in paragraph at lines 1223--1223
[]\T1/ptm/m/it/10 sys\T1/ptm/m/n/10 ,
 []


Overfull \hbox (54.3048pt too wide) in paragraph at lines 1223--1223
\T1/ptm/m/it/10 t_t\T1/ptm/m/n/10 ,
 []


Overfull \hbox (48.18495pt too wide) in paragraph at lines 1223--1223
\T1/ptm/m/it/10 k\T1/ptm/m/n/10 ,
 []


Overfull \hbox (55.96484pt too wide) in paragraph at lines 1223--1223
\T1/ptm/m/it/10 eta\T1/ptm/m/n/10 ,
 []


Overfull \hbox (63.35487pt too wide) in paragraph at lines 1223--1223
\T1/ptm/m/it/10 r_m\T1/pcr/m/n/10 ) 
 []

File: asciiart-2b351840c3bc463ea62ff24bbf7ff04fb7d27ac3.png Graphic file (type 
png)
<use asciiart-2b351840c3bc463ea62ff24bbf7ff04fb7d27ac3.png>
Package pdftex.def Info: asciiart-2b351840c3bc463ea62ff24bbf7ff04fb7d27ac3.png 
 used on input line 1234.
(pdftex.def)             Requested size: 414.54773pt x 84.31477pt.
<persist.png, id=164, 438.73912pt x 328.52737pt>
File: persist.png Graphic file (type png)
<use persist.png>
Package pdftex.def Info: persist.png  used on input line 1240.
(pdftex.def)             Requested size: 438.73804pt x 328.52657pt.
[11]
<loss.png, id=175, 446.8695pt x 338.4645pt>
File: loss.png Graphic file (type png)
<use loss.png>
Package pdftex.def Info: loss.png  used on input line 1248.
(pdftex.def)             Requested size: 446.86841pt x 338.46367pt.
 [12 <./persist.png>] [13 <./loss.png>] [14] [15] [16]
<Figure3.png, id=237, 430.90988pt x 333.94763pt>
File: Figure3.png Graphic file (type png)
<use Figure3.png>
Package pdftex.def Info: Figure3.png  used on input line 1791.
(pdftex.def)             Requested size: 430.90883pt x 333.94681pt.
<Figure6.png, id=238, 454.39763pt x 345.6915pt>
File: Figure6.png Graphic file (type png)
<use Figure6.png>
Package pdftex.def Info: Figure6.png  used on input line 1800.
(pdftex.def)             Requested size: 454.39651pt x 345.69064pt.
 [17] [18 <./Figure3.png>] [19 <./Figure6.png>]
Underfull \hbox (badness 10000) in paragraph at lines 1875--1875
[]\T1/ptm/m/it/10 ylim\T1/ptm/m/n/10 , \T1/ptm/m/it/10 have_spectral_persistent
\T1/ptm/m/n/10 ,
 []


Underfull \hbox (badness 5345) in paragraph at lines 1875--1875
\T1/ptm/m/it/10 er-ror_spec_mean\T1/ptm/m/n/10 , \T1/ptm/m/it/10 er-ror_spec_st
d\T1/ptm/m/n/10 ,
 []


Underfull \hbox (badness 10000) in paragraph at lines 1875--1875
\T1/ptm/m/it/10 al-phaValue\T1/ptm/m/n/10 , \T1/ptm/m/it/10 er-ror_persist\T1/p
tm/m/n/10 ,
 []


Underfull \hbox (badness 10000) in paragraph at lines 1875--1875
\T1/ptm/m/it/10 er-ror_persist_mean\T1/ptm/m/n/10 , \T1/ptm/m/it/10 er-
 []


Underfull \hbox (badness 5533) in paragraph at lines 1875--1875
\T1/ptm/m/it/10 ror_persist_std\T1/ptm/m/n/10 , \T1/ptm/m/it/10 er-ror_AR1_mean
\T1/ptm/m/n/10 ,
 []


Underfull \hbox (badness 10000) in paragraph at lines 1875--1875
\T1/ptm/m/it/10 er-ror_AR1_std\T1/ptm/m/n/10 , \T1/ptm/m/it/10 have_kalman\T1/p
tm/m/n/10 ,
 []


Underfull \hbox (badness 10000) in paragraph at lines 1875--1875
\T1/ptm/m/it/10 er-ror_Kalman_mean\T1/ptm/m/n/10 , \T1/ptm/m/it/10 er-
 []

[20]
Underfull \hbox (badness 10000) in paragraph at lines 1989--1989
[]\T1/ptm/m/it/10 ymin\T1/ptm/m/n/10 , \T1/ptm/m/it/10 ymax\T1/ptm/m/n/10 , \T1
/ptm/m/it/10 have_spectral_persistent\T1/ptm/m/n/10 , \T1/ptm/m/it/10 er-ror_sp
ec_mean\T1/ptm/m/n/10 ,
 []


Underfull \hbox (badness 10000) in paragraph at lines 1989--1989
\T1/ptm/m/it/10 er-ror_spec_std\T1/ptm/m/n/10 , \T1/ptm/m/it/10 er-ror_persist_
mean\T1/ptm/m/n/10 , \T1/ptm/m/it/10 er-ror_persist_std\T1/ptm/m/n/10 , \T1/ptm
/m/it/10 er-
 []

<Figure4.png, id=279, 303.534pt x 224.33812pt>
File: Figure4.png Graphic file (type png)
<use Figure4.png>
Package pdftex.def Info: Figure4.png  used on input line 2087.
(pdftex.def)             Requested size: 303.53325pt x 224.33757pt.
[21] [22 <./Figure4.png>]
Underfull \hbox (badness 10000) in paragraph at lines 2262--2262
[]\T1/ptm/m/it/10 sys\T1/ptm/m/n/10 , \T1/ptm/m/it/10 file-name_stub=\TS1/ptm/m
/it/10 '\T1/ptm/m/it/10 test\TS1/ptm/m/it/10 '\T1/ptm/m/n/10 , \T1/ptm/m/it/10 
no_runs=2\T1/ptm/m/n/10 ,
 []


Underfull \hbox (badness 10000) in paragraph at lines 2262--2262
\T1/ptm/m/it/10 ymax=None\T1/ptm/m/n/10 , \T1/ptm/m/it/10 se-quence_label=None\
T1/ptm/m/n/10 ,
 []

<Figure7.png, id=311, 508.90125pt x 259.87088pt>
File: Figure7.png Graphic file (type png)
<use Figure7.png>
Package pdftex.def Info: Figure7.png  used on input line 2274.
(pdftex.def)             Requested size: 469.77116pt x 239.88905pt.
<Figure8.png, id=312, 510.708pt x 269.808pt>
File: Figure8.png Graphic file (type png)
<use Figure8.png>
Package pdftex.def Info: Figure8.png  used on input line 2284.
(pdftex.def)             Requested size: 469.77133pt x 248.18109pt.
[23] [24 <./Figure7.png> <./Figure8.png>]
Underfull \hbox (badness 10000) in paragraph at lines 2346--2346
[]\T1/ptm/m/it/10 t_t=100\T1/ptm/m/n/10 , \T1/ptm/m/it/10 no_runs=10\T1/ptm/m/n
/10 , \T1/ptm/m/it/10 s_choices=[15,
 []


Underfull \hbox (badness 10000) in paragraph at lines 2346--2346
\T1/ptm/m/it/10 3, 1]\T1/ptm/m/n/10 , \T1/ptm/m/it/10 have_kalman=False\T1/ptm/
m/n/10 ,
 []


Underfull \hbox (badness 10000) in paragraph at lines 2346--2346
\T1/ptm/m/it/10 have_spectral_persistent=True\T1/ptm/m/n/10 ,
 []


Underfull \hbox (badness 10000) in paragraph at lines 2346--2346
\T1/ptm/m/it/10 G=array([[0.47818304, 0.63191781],
 []


Underfull \hbox (badness 10000) in paragraph at lines 2346--2346
\T1/ptm/m/it/10 [0.71975662, 0.51588563]])\T1/ptm/m/n/10 ,
 []


Underfull \hbox (badness 10000) in paragraph at lines 2346--2346
\T1/ptm/m/it/10 f_dash=array([[0.77427218, 0.8161933]])\T1/ptm/m/n/10 ,
 []

<Figure2.png, id=330, 396.58162pt x 307.1475pt>
File: Figure2.png Graphic file (type png)
<use Figure2.png>
Package pdftex.def Info: Figure2.png  used on input line 2358.
(pdftex.def)             Requested size: 396.58064pt x 307.14674pt.
<Figure5.png, id=331, 472.164pt x 177.0615pt>
File: Figure5.png Graphic file (type png)
<use Figure5.png>
Package pdftex.def Info: Figure5.png  used on input line 2367.
(pdftex.def)             Requested size: 469.75648pt x 176.17215pt.
[25 <./Figure2.png>] [26 <./Figure5.png>] [27] [28

]
Chapter 2.
[29] [30

]
Underfull \hbox (badness 10000) in paragraph at lines 2535--2536
[]\T1/pcr/m/n/10 LDS.LDS.filters.kalman_filtering_siso\T1/ptm/m/n/10 ,
 []


Overfull \hbox (6.6225pt too wide) in paragraph at lines 2537--2538
[]\T1/pcr/m/n/10 LDS.LDS.filters.wave_filtering_siso_abs\T1/ptm/m/n/10 ,
 []


Overfull \hbox (6.6225pt too wide) in paragraph at lines 2538--2539
[]\T1/pcr/m/n/10 LDS.LDS.filters.wave_filtering_siso_ftl\T1/ptm/m/n/10 ,
 []


Overfull \hbox (72.6225pt too wide) in paragraph at lines 2539--2540
[]\T1/pcr/m/n/10 LDS.LDS.filters.wave_filtering_siso_ftl_persistent\T1/ptm/m/n/
10 ,
 []


Overfull \hbox (48.6225pt too wide) in paragraph at lines 2540--2541
[]\T1/pcr/m/n/10 LDS.LDS.filters.wave_filtering_siso_persistent\T1/ptm/m/n/10 ,

 []


Overfull \hbox (30.6225pt too wide) in paragraph at lines 2544--2545
[]\T1/pcr/m/n/10 LDS.LDS.matlab_options.matlab_class_options\T1/ptm/m/n/10 ,
 []

[31


] (./lineardynamicalsystems.ind [32


]
Underfull \hbox (badness 10000) in paragraph at lines 8--9
[]\T1/pcr/m/n/10 A_trans_calc() \T1/ptm/m/n/10 (\T1/ptm/m/it/10 in mod-ule
 []


Overfull \hbox (109.44936pt too wide) in paragraph at lines 9--11
[]\T1/pcr/m/n/10 args4ftl_calc() \T1/ptm/m/n/10 (\T1/ptm/m/it/10 LDS.LDS.filter
s.wave_filtering_siso_ftl.WaveFilteringSisoFtl
 []


Overfull \hbox (192.33789pt too wide) in paragraph at lines 11--13
[]\T1/pcr/m/n/10 args4ftl_calc() \T1/ptm/m/n/10 (\T1/ptm/m/it/10 LDS.LDS.filter
s.wave_filtering_siso_ftl_persistent.WaveFilteringSisoFtlPersistent
 []


Overfull \hbox (52.7706pt too wide) in paragraph at lines 18--20
[]\T1/pcr/m/n/10 check_input() \T1/ptm/m/n/10 (\T1/ptm/m/it/10 LDS.LDS.ds.dynam
ical_system.DynamicalSystem
 []


Underfull \hbox (badness 10000) in paragraph at lines 20--22
[]\T1/pcr/m/n/10 ClassOptions \T1/ptm/m/n/10 (\T1/ptm/m/it/10 class in
 []


Overfull \hbox (8.47075pt too wide) in paragraph at lines 20--22
\T1/ptm/m/it/10 LDS.LDS.matlab_options.matlab_class_options\T1/ptm/m/n/10 ),
 []


Underfull \hbox (badness 10000) in paragraph at lines 22--23
[]\T1/pcr/m/n/10 close_all_figs() \T1/ptm/m/n/10 (\T1/ptm/m/it/10 in mod-ule
 []


Underfull \hbox (badness 10000) in paragraph at lines 29--30
[]\T1/pcr/m/n/10 DynamicalSystem \T1/ptm/m/n/10 (\T1/ptm/m/it/10 class in
 []


Underfull \hbox (badness 10000) in paragraph at lines 37--39
[]\T1/pcr/m/n/10 Filtering \T1/ptm/m/n/10 (\T1/ptm/m/it/10 class in
 []


Underfull \hbox (badness 10000) in paragraph at lines 39--40
[]\T1/pcr/m/n/10 FilteringSiso \T1/ptm/m/n/10 (\T1/ptm/m/it/10 class in
 []


Underfull \hbox (badness 10000) in paragraph at lines 45--47
[]\T1/pcr/m/n/10 gradient_ftl() \T1/ptm/m/n/10 (\T1/ptm/m/it/10 in mod-ule
 []


Underfull \hbox (badness 10000) in paragraph at lines 55--57
[]\T1/pcr/m/n/10 KalmanFilteringSISO \T1/ptm/m/n/10 (\T1/ptm/m/it/10 class in
 []


Overfull \hbox (4.1225pt too wide) in paragraph at lines 81--82
[]\T1/pcr/m/n/10 LDS.LDS.filters.wave_filtering_siso_abs 
 []


Overfull \hbox (4.1225pt too wide) in paragraph at lines 83--84
[]\T1/pcr/m/n/10 LDS.LDS.filters.wave_filtering_siso_ftl 
 []


Overfull \hbox (70.1225pt too wide) in paragraph at lines 85--86
[]\T1/pcr/m/n/10 LDS.LDS.filters.wave_filtering_siso_ftl_persistent 
 []


Overfull \hbox (46.1225pt too wide) in paragraph at lines 87--88
[]\T1/pcr/m/n/10 LDS.LDS.filters.wave_filtering_siso_persistent 
 []

[33

]
Overfull \hbox (28.1225pt too wide) in paragraph at lines 95--96
[]\T1/pcr/m/n/10 LDS.LDS.matlab_options.matlab_class_options 
 []


Underfull \hbox (badness 10000) in paragraph at lines 113--114
[]\T1/pcr/m/n/10 logratio() \T1/ptm/m/n/10 (\T1/ptm/m/it/10 LDS.LDS.ts.time_ser
ies.TimeSeries
 []


Overfull \hbox (2.6225pt too wide) in paragraph at lines 123--124
[]| \T1/pcr/m/n/10 LDS.LDS.filters.filtering_abc_class\T1/ptm/m/n/10 ,
 []


Overfull \hbox (14.6225pt too wide) in paragraph at lines 126--127
[]| \T1/pcr/m/n/10 LDS.LDS.filters.kalman_filtering_siso\T1/ptm/m/n/10 ,
 []


Overfull \hbox (2.6225pt too wide) in paragraph at lines 127--128
[]| \T1/pcr/m/n/10 LDS.LDS.filters.wave_filtering_siso\T1/ptm/m/n/10 ,
 []


Overfull \hbox (26.6225pt too wide) in paragraph at lines 128--129
[]| \T1/pcr/m/n/10 LDS.LDS.filters.wave_filtering_siso_abs\T1/ptm/m/n/10 ,
 []


Overfull \hbox (26.6225pt too wide) in paragraph at lines 129--130
[]| \T1/pcr/m/n/10 LDS.LDS.filters.wave_filtering_siso_ftl\T1/ptm/m/n/10 ,
 []


Overfull \hbox (92.6225pt too wide) in paragraph at lines 130--131
[]| \T1/pcr/m/n/10 LDS.LDS.filters.wave_filtering_siso_ftl_persistent\T1/ptm/m/
n/10 ,
 []


Overfull \hbox (68.6225pt too wide) in paragraph at lines 131--132
[]| \T1/pcr/m/n/10 LDS.LDS.filters.wave_filtering_siso_persistent\T1/ptm/m/n/10
 ,
 []


Overfull \hbox (50.6225pt too wide) in paragraph at lines 135--136
[]| \T1/pcr/m/n/10 LDS.LDS.matlab_options.matlab_class_options\T1/ptm/m/n/10 ,
 []


Overfull \hbox (89.58994pt too wide) in paragraph at lines 149--151
[]\T1/pcr/m/n/10 parameters() \T1/ptm/m/n/10 (\T1/ptm/m/it/10 LDS.LDS.filters.k
alman_filtering_siso.KalmanFilteringSISO
 []


Underfull \hbox (badness 10000) in paragraph at lines 154--156
[]\T1/pcr/m/n/10 pre_comp_filter_params() \T1/ptm/m/n/10 (\T1/ptm/m/it/10 in mo
d-ule
 []


Overfull \hbox (1.6002pt too wide) in paragraph at lines 156--158
[]\T1/pcr/m/n/10 predict() \T1/ptm/m/n/10 (\T1/ptm/m/it/10 LDS.LDS.filters.filt
ering_siso.FilteringSiso
 []


Overfull \hbox (71.58994pt too wide) in paragraph at lines 158--160
[]\T1/pcr/m/n/10 predict() \T1/ptm/m/n/10 (\T1/ptm/m/it/10 LDS.LDS.filters.kalm
an_filtering_siso.KalmanFilteringSISO
 []


Overfull \hbox (52.32005pt too wide) in paragraph at lines 160--162
[]\T1/pcr/m/n/10 predict() \T1/ptm/m/n/10 (\T1/ptm/m/it/10 LDS.LDS.filters.wave
_filtering_siso.WaveFilteringSISO
 []


Overfull \hbox (82.32968pt too wide) in paragraph at lines 162--164
[]\T1/pcr/m/n/10 predict() \T1/ptm/m/n/10 (\T1/ptm/m/it/10 LDS.LDS.filters.wave
_filtering_siso_abs.WaveFilteringSisoAbs
 []


Overfull \hbox (73.44936pt too wide) in paragraph at lines 164--166
[]\T1/pcr/m/n/10 predict() \T1/ptm/m/n/10 (\T1/ptm/m/it/10 LDS.LDS.filters.wave
_filtering_siso_ftl.WaveFilteringSisoFtl
 []


Overfull \hbox (156.33789pt too wide) in paragraph at lines 166--168
[]\T1/pcr/m/n/10 predict() \T1/ptm/m/n/10 (\T1/ptm/m/it/10 LDS.LDS.filters.wave
_filtering_siso_ftl_persistent.WaveFilteringSisoFtlPersistent
 []


Overfull \hbox (135.20859pt too wide) in paragraph at lines 168--170
[]\T1/pcr/m/n/10 predict() \T1/ptm/m/n/10 (\T1/ptm/m/it/10 LDS.LDS.filters.wave
_filtering_siso_persistent.WaveFilteringSISOPersistent
 []


Overfull \hbox (113.58994pt too wide) in paragraph at lines 170--172
[]\T1/pcr/m/n/10 predict_kalman() \T1/ptm/m/n/10 (\T1/ptm/m/it/10 LDS.LDS.filte
rs.kalman_filtering_siso.KalmanFilteringSISO
 []


Underfull \hbox (badness 10000) in paragraph at lines 173--174
[]\T1/pcr/m/n/10 prediction_kalman() \T1/ptm/m/n/10 (\T1/ptm/m/it/10 in mod-ule

 []


Underfull \hbox (badness 10000) in paragraph at lines 174--176
[]\T1/pcr/m/n/10 print_verbose() \T1/ptm/m/n/10 (\T1/ptm/m/it/10 in mod-ule
 []


Overfull \hbox (16.7706pt too wide) in paragraph at lines 179--181
[]\T1/pcr/m/n/10 solve() \T1/ptm/m/n/10 (\T1/ptm/m/it/10 LDS.LDS.ds.dynamical_s
ystem.DynamicalSystem
 []


Underfull \hbox (badness 10000) in paragraph at lines 186--187
[]\T1/pcr/m/n/10 test_arima_ogd() \T1/ptm/m/n/10 (\T1/ptm/m/it/10 in mod-ule
 []


Underfull \hbox (badness 10000) in paragraph at lines 187--188
[]\T1/pcr/m/n/10 test_arima_ons() \T1/ptm/m/n/10 (\T1/ptm/m/it/10 in mod-ule
 []


Underfull \hbox (badness 10000) in paragraph at lines 188--190
[]\T1/pcr/m/n/10 test_identification() \T1/ptm/m/n/10 (\T1/ptm/m/it/10 in mod-u
le
 []

[34]
Underfull \hbox (badness 10000) in paragraph at lines 190--192
[]\T1/pcr/m/n/10 test_identification2() \T1/ptm/m/n/10 (\T1/ptm/m/it/10 in mod-
ule
 []


Underfull \hbox (badness 10000) in paragraph at lines 192--193
[]\T1/pcr/m/n/10 testImpactOfS() \T1/ptm/m/n/10 (\T1/ptm/m/it/10 in mod-ule
 []


Underfull \hbox (badness 10000) in paragraph at lines 193--194
[]\T1/pcr/m/n/10 testNoiseImpact() \T1/ptm/m/n/10 (\T1/ptm/m/it/10 in mod-ule
 []


Overfull \hbox (88.32968pt too wide) in paragraph at lines 199--201
[]\T1/pcr/m/n/10 var_calc() \T1/ptm/m/n/10 (\T1/ptm/m/it/10 LDS.LDS.filters.wav
e_filtering_siso_abs.WaveFilteringSisoAbs
 []


Underfull \hbox (badness 10000) in paragraph at lines 205--206
[]\T1/pcr/m/n/10 w_calc_arima_ons() \T1/ptm/m/n/10 (\T1/ptm/m/it/10 in mod-ule
 []


Underfull \hbox (badness 10000) in paragraph at lines 206--208
[]\T1/pcr/m/n/10 WaveFilteringSISO \T1/ptm/m/n/10 (\T1/ptm/m/it/10 class in
 []


Underfull \hbox (badness 10000) in paragraph at lines 208--210
[]\T1/pcr/m/n/10 WaveFilteringSisoAbs \T1/ptm/m/n/10 (\T1/ptm/m/it/10 class in
 []


Underfull \hbox (badness 10000) in paragraph at lines 208--210
\T1/ptm/m/it/10 LDS.LDS.filters.wave_filtering_siso_abs\T1/ptm/m/n/10 ),
 []


Underfull \hbox (badness 10000) in paragraph at lines 210--212
[]\T1/pcr/m/n/10 WaveFilteringSisoFtl \T1/ptm/m/n/10 (\T1/ptm/m/it/10 class in
 []


Underfull \hbox (badness 10000) in paragraph at lines 210--212
\T1/ptm/m/it/10 LDS.LDS.filters.wave_filtering_siso_ftl\T1/ptm/m/n/10 ),
 []


Underfull \hbox (badness 10000) in paragraph at lines 212--214
[]\T1/pcr/m/n/10 WaveFilteringSisoFtlPersistent \T1/ptm/m/n/10 (\T1/ptm/m/it/10
 class in
 []


Overfull \hbox (16.77962pt too wide) in paragraph at lines 212--214
\T1/ptm/m/it/10 LDS.LDS.filters.wave_filtering_siso_ftl_persistent\T1/ptm/m/n/1
0 ),
 []


Underfull \hbox (badness 10000) in paragraph at lines 214--216
[]\T1/pcr/m/n/10 WaveFilteringSISOPersistent \T1/ptm/m/n/10 (\T1/ptm/m/it/10 cl
ass in
 []


Overfull \hbox (3.43994pt too wide) in paragraph at lines 214--216
\T1/ptm/m/it/10 LDS.LDS.filters.wave_filtering_siso_persistent\T1/ptm/m/n/10 ),

 []

[35

]) (./lineardynamicalsystems.aux)
Package rerunfilecheck Info: File `lineardynamicalsystems.out' has not changed.

(rerunfilecheck)             Checksum: 35B5095DF5C4825833806EEE4C3747D7;526.
 ) 
Here is how much of TeX's memory you used:
 14308 strings out of 479304
 209793 string characters out of 5869780
 554978 words of memory out of 5000000
 30992 multiletter control sequences out of 15000+600000
 448127 words of font info for 82 fonts, out of 8000000 for 9000
 1142 hyphenation exceptions out of 8191
 83i,12n,88p,1005b,681s stack positions out of 5000i,500n,10000p,200000b,80000s
{/usr/share/texlive/texmf-dist/fonts/enc/dvips/base/8r.enc}</usr/share/texliv
e/texmf-dist/fonts/type1/public/amsfonts/cm/cmmi10.pfb></usr/share/texlive/texm
f-dist/fonts/type1/public/amsfonts/cm/cmmi7.pfb></usr/share/texlive/texmf-dist/
fonts/type1/public/amsfonts/cm/cmr10.pfb></usr/share/texlive/texmf-dist/fonts/t
ype1/public/amsfonts/cm/cmr7.pfb></usr/share/texlive/texmf-dist/fonts/type1/pub
lic/amsfonts/cm/cmsy7.pfb></usr/share/texlive/texmf-dist/fonts/type1/urw/courie
r/ucrb8a.pfb></usr/share/texlive/texmf-dist/fonts/type1/urw/courier/ucrr8a.pfb>
</usr/share/texlive/texmf-dist/fonts/type1/urw/courier/ucrro8a.pfb></usr/share/
texlive/texmf-dist/fonts/type1/urw/helvetic/uhvb8a.pfb></usr/share/texlive/texm
f-dist/fonts/type1/urw/helvetic/uhvbo8a.pfb></usr/share/texlive/texmf-dist/font
s/type1/urw/helvetic/uhvr8a.pfb></usr/share/texlive/texmf-dist/fonts/type1/urw/
times/utmb8a.pfb></usr/share/texlive/texmf-dist/fonts/type1/urw/times/utmr8a.pf
b></usr/share/texlive/texmf-dist/fonts/type1/urw/times/utmri8a.pfb>
Output written on lineardynamicalsystems.pdf (39 pages, 2338217 bytes).
PDF statistics:
 612 PDF objects out of 1000 (max. 8388607)
 528 compressed objects within 6 object streams
 158 named destinations out of 1000 (max. 500000)
 141 words of extra memory for PDF output out of 10000 (max. 10000000)

